0 info it worked if it ends with ok
1 verbose cli [ 'C:\\Program Files\\nodejs\\node.exe',
1 verbose cli   'C:\\Program Files\\nodejs\\node_modules\\npm\\bin\\npm-cli.js',
1 verbose cli   'run',
1 verbose cli   'test' ]
2 info using npm@3.10.10
3 info using node@v6.10.3
4 verbose run-script [ 'pretest', 'test', 'posttest' ]
5 info lifecycle @~pretest: @
6 silly lifecycle @~pretest: no script for pretest, continuing
7 info lifecycle @~test: @
8 verbose lifecycle @~test: unsafe-perm in lifecycle true
9 verbose lifecycle @~test: PATH: C:\Program Files\nodejs\node_modules\npm\bin\node-gyp-bin;C:\Users\lefou\Downloads\Exercice_1\Exercice_1\node_modules\.bin;C:\ProgramData\Oracle\Java\javapath;C:\Program Files (x86)\Razer Chroma SDK\bin;C:\Program Files\Razer Chroma SDK\bin;C:\Program Files (x86)\Intel\iCLS Client\;C:\Program Files\Intel\iCLS Client\;C:\Windows\system32;C:\Windows;C:\Windows\System32\Wbem;C:\Windows\System32\WindowsPowerShell\v1.0\;C:\Program Files (x86)\NVIDIA Corporation\PhysX\Common;C:\Program Files (x86)\Intel\Intel(R) Management Engine Components\DAL;C:\Program Files\Intel\Intel(R) Management Engine Components\DAL;C:\Program Files (x86)\Intel\Intel(R) Management Engine Components\IPT;C:\Program Files\Intel\Intel(R) Management Engine Components\IPT;C:\WINDOWS\system32;C:\WINDOWS;C:\WINDOWS\System32\Wbem;C:\WINDOWS\System32\WindowsPowerShell\v1.0\;C:\WINDOWS\system32\config\systemprofile\AppData\Local\Microsoft\WindowsApps;C:\Program Files (x86)\Skype\Phone\;C:\Program Files\nodejs\;C:\Program Files\Microsoft SQL Server\130\Tools\Binn\;C:\Program Files\dotnet\;C:\Program Files (x86)\GtkSharp\2.12\bin;C:\Program Files\PuTTY\;C:\Program Files\Intel\WiFi\bin\;C:\Program Files\Common Files\Intel\WirelessCommon\;C:\Program Files (x86)\Microsoft SQL Server\100\Tools\Binn\;C:\Program Files\Microsoft SQL Server\100\Tools\Binn\;C:\Program Files\Microsoft SQL Server\100\DTS\Binn\;C:\Program Files\Git\cmd;C:\Users\lefou\AppData\Local\Microsoft\WindowsApps;C:\Users\lefou\AppData\Roaming\npm;C:\Users\lefou\Downloads\spark-2.2.0-bin-hadoop2.7\spark-2.2.0-bin-hadoop2.7\bin;C:\Users\lefou\Downloads\spark-2.2.0-bin-hadoop2.7\spark-2.2.0-bin-hadoop2.7;
10 verbose lifecycle @~test: CWD: C:\Users\lefou\Downloads\Exercice_1\Exercice_1
11 silly lifecycle @~test: Args: [ '/d /s /c',
11 silly lifecycle   'mocha -r ts-node/register -P 3-ECS/tsconfig.mocha.node.json 3-ECS/tests/**/*.ts' ]
12 silly lifecycle @~test: Returned: code: 3  signal: null
13 info lifecycle @~test: Failed to exec test script
14 verbose stack Error: @ test: `mocha -r ts-node/register -P 3-ECS/tsconfig.mocha.node.json 3-ECS/tests/**/*.ts`
14 verbose stack Exit status 3
14 verbose stack     at EventEmitter.<anonymous> (C:\Program Files\nodejs\node_modules\npm\lib\utils\lifecycle.js:255:16)
14 verbose stack     at emitTwo (events.js:106:13)
14 verbose stack     at EventEmitter.emit (events.js:191:7)
14 verbose stack     at ChildProcess.<anonymous> (C:\Program Files\nodejs\node_modules\npm\lib\utils\spawn.js:40:14)
14 verbose stack     at emitTwo (events.js:106:13)
14 verbose stack     at ChildProcess.emit (events.js:191:7)
14 verbose stack     at maybeClose (internal/child_process.js:886:16)
14 verbose stack     at Process.ChildProcess._handle.onexit (internal/child_process.js:226:5)
15 verbose pkgid @
16 verbose cwd C:\Users\lefou\Downloads\Exercice_1\Exercice_1
17 error Windows_NT 10.0.16299
18 error argv "C:\\Program Files\\nodejs\\node.exe" "C:\\Program Files\\nodejs\\node_modules\\npm\\bin\\npm-cli.js" "run" "test"
19 error node v6.10.3
20 error npm  v3.10.10
21 error code ELIFECYCLE
22 error @ test: `mocha -r ts-node/register -P 3-ECS/tsconfig.mocha.node.json 3-ECS/tests/**/*.ts`
22 error Exit status 3
23 error Failed at the @ test script 'mocha -r ts-node/register -P 3-ECS/tsconfig.mocha.node.json 3-ECS/tests/**/*.ts'.
23 error Make sure you have the latest version of node.js and npm installed.
23 error If you do, this is most likely a problem with the  package,
23 error not with npm itself.
23 error Tell the author that this fails on your system:
23 error     mocha -r ts-node/register -P 3-ECS/tsconfig.mocha.node.json 3-ECS/tests/**/*.ts
23 error You can get information on how to open an issue for this project with:
23 error     npm bugs
23 error Or if that isn't available, you can get their info via:
23 error     npm owner ls
23 error There is likely additional logging output above.
24 verbose exit [ 1, true ]
